  CGApplication.cpp
  CGModel.cpp
C:\Users\albam\OneDrive - UNIVERSIDAD DE HUELVA\2. Universidad\4º Curso\2. 2º Cuatrimestre\Realidad Virtual\Prácticas\practica06\ComputerGraphics\Projects\Project6\Project6\CGModel.cpp(175,31): warning C4244: '=': conversion from 'double' to 'GLfloat', possible loss of data
C:\Users\albam\OneDrive - UNIVERSIDAD DE HUELVA\2. Universidad\4º Curso\2. 2º Cuatrimestre\Realidad Virtual\Prácticas\practica06\ComputerGraphics\Projects\Project6\Project6\CGModel.cpp(176,32): warning C4244: '=': conversion from 'double' to 'GLfloat', possible loss of data
C:\Users\albam\OneDrive - UNIVERSIDAD DE HUELVA\2. Universidad\4º Curso\2. 2º Cuatrimestre\Realidad Virtual\Prácticas\practica06\ComputerGraphics\Projects\Project6\Project6\CGModel.cpp(241,51): warning C4552: '-': result of expression not used
C:\Users\albam\OneDrive - UNIVERSIDAD DE HUELVA\2. Universidad\4º Curso\2. 2º Cuatrimestre\Realidad Virtual\Prácticas\practica06\ComputerGraphics\Projects\Project6\Project6\CGModel.cpp(257,21): warning C4244: 'argument': conversion from 'GLdouble' to 'GLfloat', possible loss of data
C:\Users\albam\OneDrive - UNIVERSIDAD DE HUELVA\2. Universidad\4º Curso\2. 2º Cuatrimestre\Realidad Virtual\Prácticas\practica06\ComputerGraphics\Projects\Project6\Project6\CGModel.cpp(263,21): warning C4244: 'argument': conversion from 'GLdouble' to 'GLfloat', possible loss of data
C:\Users\albam\OneDrive - UNIVERSIDAD DE HUELVA\2. Universidad\4º Curso\2. 2º Cuatrimestre\Realidad Virtual\Prácticas\practica06\ComputerGraphics\Projects\Project6\Project6\CGModel.cpp(282,21): warning C4244: 'argument': conversion from 'GLdouble' to 'GLfloat', possible loss of data
C:\Users\albam\OneDrive - UNIVERSIDAD DE HUELVA\2. Universidad\4º Curso\2. 2º Cuatrimestre\Realidad Virtual\Prácticas\practica06\ComputerGraphics\Projects\Project6\Project6\CGModel.cpp(288,21): warning C4244: 'argument': conversion from 'GLdouble' to 'GLfloat', possible loss of data
C:\Users\albam\OneDrive - UNIVERSIDAD DE HUELVA\2. Universidad\4º Curso\2. 2º Cuatrimestre\Realidad Virtual\Prácticas\practica06\ComputerGraphics\Projects\Project6\Project6\CGModel.cpp(296,51): warning C4552: '-': result of expression not used
C:\Users\albam\OneDrive - UNIVERSIDAD DE HUELVA\2. Universidad\4º Curso\2. 2º Cuatrimestre\Realidad Virtual\Prácticas\practica06\ComputerGraphics\Projects\Project6\Project6\CGModel.cpp(312,21): warning C4244: 'argument': conversion from 'GLdouble' to 'GLfloat', possible loss of data
C:\Users\albam\OneDrive - UNIVERSIDAD DE HUELVA\2. Universidad\4º Curso\2. 2º Cuatrimestre\Realidad Virtual\Prácticas\practica06\ComputerGraphics\Projects\Project6\Project6\CGModel.cpp(318,21): warning C4244: 'argument': conversion from 'GLdouble' to 'GLfloat', possible loss of data
C:\Users\albam\OneDrive - UNIVERSIDAD DE HUELVA\2. Universidad\4º Curso\2. 2º Cuatrimestre\Realidad Virtual\Prácticas\practica06\ComputerGraphics\Projects\Project6\Project6\CGModel.cpp(338,21): warning C4244: 'argument': conversion from 'GLdouble' to 'GLfloat', possible loss of data
C:\Users\albam\OneDrive - UNIVERSIDAD DE HUELVA\2. Universidad\4º Curso\2. 2º Cuatrimestre\Realidad Virtual\Prácticas\practica06\ComputerGraphics\Projects\Project6\Project6\CGModel.cpp(344,21): warning C4244: 'argument': conversion from 'GLdouble' to 'GLfloat', possible loss of data
C:\Users\albam\OneDrive - UNIVERSIDAD DE HUELVA\2. Universidad\4º Curso\2. 2º Cuatrimestre\Realidad Virtual\Prácticas\practica06\ComputerGraphics\Projects\Project6\Project6\CGModel.cpp(352,51): warning C4552: '-': result of expression not used
C:\Users\albam\OneDrive - UNIVERSIDAD DE HUELVA\2. Universidad\4º Curso\2. 2º Cuatrimestre\Realidad Virtual\Prácticas\practica06\ComputerGraphics\Projects\Project6\Project6\CGModel.cpp(368,21): warning C4244: 'argument': conversion from 'GLdouble' to 'GLfloat', possible loss of data
C:\Users\albam\OneDrive - UNIVERSIDAD DE HUELVA\2. Universidad\4º Curso\2. 2º Cuatrimestre\Realidad Virtual\Prácticas\practica06\ComputerGraphics\Projects\Project6\Project6\CGModel.cpp(374,21): warning C4244: 'argument': conversion from 'GLdouble' to 'GLfloat', possible loss of data
C:\Users\albam\OneDrive - UNIVERSIDAD DE HUELVA\2. Universidad\4º Curso\2. 2º Cuatrimestre\Realidad Virtual\Prácticas\practica06\ComputerGraphics\Projects\Project6\Project6\CGModel.cpp(389,33): warning C4244: '=': conversion from 'GLdouble' to 'GLfloat', possible loss of data
C:\Users\albam\OneDrive - UNIVERSIDAD DE HUELVA\2. Universidad\4º Curso\2. 2º Cuatrimestre\Realidad Virtual\Prácticas\practica06\ComputerGraphics\Projects\Project6\Project6\CGModel.cpp(393,21): warning C4244: 'argument': conversion from 'GLdouble' to 'GLfloat', possible loss of data
C:\Users\albam\OneDrive - UNIVERSIDAD DE HUELVA\2. Universidad\4º Curso\2. 2º Cuatrimestre\Realidad Virtual\Prácticas\practica06\ComputerGraphics\Projects\Project6\Project6\CGModel.cpp(400,21): warning C4244: 'argument': conversion from 'GLdouble' to 'GLfloat', possible loss of data
C:\Users\albam\OneDrive - UNIVERSIDAD DE HUELVA\2. Universidad\4º Curso\2. 2º Cuatrimestre\Realidad Virtual\Prácticas\practica06\ComputerGraphics\Projects\Project6\Project6\CGModel.cpp(468,54): warning C4552: '-': result of expression not used
C:\Users\albam\OneDrive - UNIVERSIDAD DE HUELVA\2. Universidad\4º Curso\2. 2º Cuatrimestre\Realidad Virtual\Prácticas\practica06\ComputerGraphics\Projects\Project6\Project6\CGModel.cpp(484,21): warning C4244: 'argument': conversion from 'GLdouble' to 'GLfloat', possible loss of data
C:\Users\albam\OneDrive - UNIVERSIDAD DE HUELVA\2. Universidad\4º Curso\2. 2º Cuatrimestre\Realidad Virtual\Prácticas\practica06\ComputerGraphics\Projects\Project6\Project6\CGModel.cpp(490,21): warning C4244: 'argument': conversion from 'GLdouble' to 'GLfloat', possible loss of data
C:\Users\albam\OneDrive - UNIVERSIDAD DE HUELVA\2. Universidad\4º Curso\2. 2º Cuatrimestre\Realidad Virtual\Prácticas\practica06\ComputerGraphics\Projects\Project6\Project6\CGModel.cpp(509,21): warning C4244: 'argument': conversion from 'GLdouble' to 'GLfloat', possible loss of data
C:\Users\albam\OneDrive - UNIVERSIDAD DE HUELVA\2. Universidad\4º Curso\2. 2º Cuatrimestre\Realidad Virtual\Prácticas\practica06\ComputerGraphics\Projects\Project6\Project6\CGModel.cpp(515,21): warning C4244: 'argument': conversion from 'GLdouble' to 'GLfloat', possible loss of data
C:\Users\albam\OneDrive - UNIVERSIDAD DE HUELVA\2. Universidad\4º Curso\2. 2º Cuatrimestre\Realidad Virtual\Prácticas\practica06\ComputerGraphics\Projects\Project6\Project6\CGModel.cpp(523,53): warning C4552: '-': result of expression not used
C:\Users\albam\OneDrive - UNIVERSIDAD DE HUELVA\2. Universidad\4º Curso\2. 2º Cuatrimestre\Realidad Virtual\Prácticas\practica06\ComputerGraphics\Projects\Project6\Project6\CGModel.cpp(539,21): warning C4244: 'argument': conversion from 'GLdouble' to 'GLfloat', possible loss of data
C:\Users\albam\OneDrive - UNIVERSIDAD DE HUELVA\2. Universidad\4º Curso\2. 2º Cuatrimestre\Realidad Virtual\Prácticas\practica06\ComputerGraphics\Projects\Project6\Project6\CGModel.cpp(545,21): warning C4244: 'argument': conversion from 'GLdouble' to 'GLfloat', possible loss of data
C:\Users\albam\OneDrive - UNIVERSIDAD DE HUELVA\2. Universidad\4º Curso\2. 2º Cuatrimestre\Realidad Virtual\Prácticas\practica06\ComputerGraphics\Projects\Project6\Project6\CGModel.cpp(564,21): warning C4244: 'argument': conversion from 'GLdouble' to 'GLfloat', possible loss of data
C:\Users\albam\OneDrive - UNIVERSIDAD DE HUELVA\2. Universidad\4º Curso\2. 2º Cuatrimestre\Realidad Virtual\Prácticas\practica06\ComputerGraphics\Projects\Project6\Project6\CGModel.cpp(570,21): warning C4244: 'argument': conversion from 'GLdouble' to 'GLfloat', possible loss of data
C:\Users\albam\OneDrive - UNIVERSIDAD DE HUELVA\2. Universidad\4º Curso\2. 2º Cuatrimestre\Realidad Virtual\Prácticas\practica06\ComputerGraphics\Projects\Project6\Project6\CGModel.cpp(578,54): warning C4552: '-': result of expression not used
C:\Users\albam\OneDrive - UNIVERSIDAD DE HUELVA\2. Universidad\4º Curso\2. 2º Cuatrimestre\Realidad Virtual\Prácticas\practica06\ComputerGraphics\Projects\Project6\Project6\CGModel.cpp(593,21): warning C4244: 'argument': conversion from 'GLdouble' to 'GLfloat', possible loss of data
C:\Users\albam\OneDrive - UNIVERSIDAD DE HUELVA\2. Universidad\4º Curso\2. 2º Cuatrimestre\Realidad Virtual\Prácticas\practica06\ComputerGraphics\Projects\Project6\Project6\CGModel.cpp(599,21): warning C4244: 'argument': conversion from 'GLdouble' to 'GLfloat', possible loss of data
C:\Users\albam\OneDrive - UNIVERSIDAD DE HUELVA\2. Universidad\4º Curso\2. 2º Cuatrimestre\Realidad Virtual\Prácticas\practica06\ComputerGraphics\Projects\Project6\Project6\CGModel.cpp(613,33): warning C4244: '=': conversion from 'GLdouble' to 'GLfloat', possible loss of data
C:\Users\albam\OneDrive - UNIVERSIDAD DE HUELVA\2. Universidad\4º Curso\2. 2º Cuatrimestre\Realidad Virtual\Prácticas\practica06\ComputerGraphics\Projects\Project6\Project6\CGModel.cpp(617,21): warning C4244: 'argument': conversion from 'GLdouble' to 'GLfloat', possible loss of data
C:\Users\albam\OneDrive - UNIVERSIDAD DE HUELVA\2. Universidad\4º Curso\2. 2º Cuatrimestre\Realidad Virtual\Prácticas\practica06\ComputerGraphics\Projects\Project6\Project6\CGModel.cpp(624,21): warning C4244: 'argument': conversion from 'GLdouble' to 'GLfloat', possible loss of data
  CGScene.cpp
C:\Users\albam\OneDrive - UNIVERSIDAD DE HUELVA\2. Universidad\4º Curso\2. 2º Cuatrimestre\Realidad Virtual\Prácticas\practica06\ComputerGraphics\Projects\Project6\Project6\CGScene.cpp(124,46): warning C4244: 'argument': conversion from 'float' to 'GLint', possible loss of data
C:\Users\albam\OneDrive - UNIVERSIDAD DE HUELVA\2. Universidad\4º Curso\2. 2º Cuatrimestre\Realidad Virtual\Prácticas\practica06\ComputerGraphics\Projects\Project6\Project6\CGScene.cpp(137,46): warning C4244: 'argument': conversion from 'float' to 'GLint', possible loss of data
C:\Users\albam\OneDrive - UNIVERSIDAD DE HUELVA\2. Universidad\4º Curso\2. 2º Cuatrimestre\Realidad Virtual\Prácticas\practica06\ComputerGraphics\Projects\Project6\Project6\CGScene.cpp(153,91): warning C4305: 'argument': truncation from 'double' to 'GLfloat'
C:\Users\albam\OneDrive - UNIVERSIDAD DE HUELVA\2. Universidad\4º Curso\2. 2º Cuatrimestre\Realidad Virtual\Prácticas\practica06\ComputerGraphics\Projects\Project6\Project6\CGScene.cpp(153,46): warning C4244: 'argument': conversion from 'float' to 'GLint', possible loss of data
C:\Users\albam\OneDrive - UNIVERSIDAD DE HUELVA\2. Universidad\4º Curso\2. 2º Cuatrimestre\Realidad Virtual\Prácticas\practica06\ComputerGraphics\Projects\Project6\Project6\CGScene.cpp(166,91): warning C4305: 'argument': truncation from 'double' to 'GLfloat'
C:\Users\albam\OneDrive - UNIVERSIDAD DE HUELVA\2. Universidad\4º Curso\2. 2º Cuatrimestre\Realidad Virtual\Prácticas\practica06\ComputerGraphics\Projects\Project6\Project6\CGScene.cpp(166,46): warning C4244: 'argument': conversion from 'float' to 'GLint', possible loss of data
C:\Users\albam\OneDrive - UNIVERSIDAD DE HUELVA\2. Universidad\4º Curso\2. 2º Cuatrimestre\Realidad Virtual\Prácticas\practica06\ComputerGraphics\Projects\Project6\Project6\CGScene.cpp(181,80): warning C4305: 'argument': truncation from 'double' to 'GLfloat'
C:\Users\albam\OneDrive - UNIVERSIDAD DE HUELVA\2. Universidad\4º Curso\2. 2º Cuatrimestre\Realidad Virtual\Prácticas\practica06\ComputerGraphics\Projects\Project6\Project6\CGScene.cpp(193,80): warning C4305: 'argument': truncation from 'double' to 'GLfloat'
  main.cpp
  Generating code
  26 of 340 functions ( 7.6%) were compiled, the rest were copied from previous compilation.
    7 functions were new in current compilation
    7 functions had inline decision re-evaluated but remain unchanged
  Finished generating code
  Project6.vcxproj -> C:\Users\albam\OneDrive - UNIVERSIDAD DE HUELVA\2. Universidad\4º Curso\2. 2º Cuatrimestre\Realidad Virtual\Prácticas\practica06\ComputerGraphics\Projects\Project6\x64\Release\Project6.exe
