c:\users\albam\onedrive - universidad de huelva\2. universidad\4º curso\2. 2º cuatrimestre\realidad virtual\prácticas\practica06\computergraphics\projects\project6\project6\x64\release\vc142.pdb
c:\users\albam\onedrive - universidad de huelva\2. universidad\4º curso\2. 2º cuatrimestre\realidad virtual\prácticas\practica06\computergraphics\projects\project6\project6\x64\release\main.obj
c:\users\albam\onedrive - universidad de huelva\2. universidad\4º curso\2. 2º cuatrimestre\realidad virtual\prácticas\practica06\computergraphics\projects\project6\project6\x64\release\cgtorus.obj
c:\users\albam\onedrive - universidad de huelva\2. universidad\4º curso\2. 2º cuatrimestre\realidad virtual\prácticas\practica06\computergraphics\projects\project6\project6\x64\release\cgsphere.obj
c:\users\albam\onedrive - universidad de huelva\2. universidad\4º curso\2. 2º cuatrimestre\realidad virtual\prácticas\practica06\computergraphics\projects\project6\project6\x64\release\cgshaderprogram.obj
c:\users\albam\onedrive - universidad de huelva\2. universidad\4º curso\2. 2º cuatrimestre\realidad virtual\prácticas\practica06\computergraphics\projects\project6\project6\x64\release\cgscene.obj
c:\users\albam\onedrive - universidad de huelva\2. universidad\4º curso\2. 2º cuatrimestre\realidad virtual\prácticas\practica06\computergraphics\projects\project6\project6\x64\release\cgmodel.obj
c:\users\albam\onedrive - universidad de huelva\2. universidad\4º curso\2. 2º cuatrimestre\realidad virtual\prácticas\practica06\computergraphics\projects\project6\project6\x64\release\cgmaterial.obj
c:\users\albam\onedrive - universidad de huelva\2. universidad\4º curso\2. 2º cuatrimestre\realidad virtual\prácticas\practica06\computergraphics\projects\project6\project6\x64\release\cglight.obj
c:\users\albam\onedrive - universidad de huelva\2. universidad\4º curso\2. 2º cuatrimestre\realidad virtual\prácticas\practica06\computergraphics\projects\project6\project6\x64\release\cgicosahedron.obj
c:\users\albam\onedrive - universidad de huelva\2. universidad\4º curso\2. 2º cuatrimestre\realidad virtual\prácticas\practica06\computergraphics\projects\project6\project6\x64\release\cgground.obj
c:\users\albam\onedrive - universidad de huelva\2. universidad\4º curso\2. 2º cuatrimestre\realidad virtual\prácticas\practica06\computergraphics\projects\project6\project6\x64\release\cgfigure.obj
c:\users\albam\onedrive - universidad de huelva\2. universidad\4º curso\2. 2º cuatrimestre\realidad virtual\prácticas\practica06\computergraphics\projects\project6\project6\x64\release\cgcylinder.obj
c:\users\albam\onedrive - universidad de huelva\2. universidad\4º curso\2. 2º cuatrimestre\realidad virtual\prácticas\practica06\computergraphics\projects\project6\project6\x64\release\cgcube.obj
c:\users\albam\onedrive - universidad de huelva\2. universidad\4º curso\2. 2º cuatrimestre\realidad virtual\prácticas\practica06\computergraphics\projects\project6\project6\x64\release\cgcone.obj
c:\users\albam\onedrive - universidad de huelva\2. universidad\4º curso\2. 2º cuatrimestre\realidad virtual\prácticas\practica06\computergraphics\projects\project6\project6\x64\release\cgcamera.obj
c:\users\albam\onedrive - universidad de huelva\2. universidad\4º curso\2. 2º cuatrimestre\realidad virtual\prácticas\practica06\computergraphics\projects\project6\project6\x64\release\cgapplication.obj
c:\users\albam\onedrive - universidad de huelva\2. universidad\4º curso\2. 2º cuatrimestre\realidad virtual\prácticas\practica06\computergraphics\projects\project6\project6\x64\release\cgpiece.obj
c:\users\albam\onedrive - universidad de huelva\2. universidad\4º curso\2. 2º cuatrimestre\realidad virtual\prácticas\practica06\computergraphics\projects\project6\project6\x64\release\curvainterior.obj
c:\users\albam\onedrive - universidad de huelva\2. universidad\4º curso\2. 2º cuatrimestre\realidad virtual\prácticas\practica06\computergraphics\projects\project6\project6\x64\release\curvaexterior.obj
c:\users\albam\onedrive - universidad de huelva\2. universidad\4º curso\2. 2º cuatrimestre\realidad virtual\prácticas\practica06\computergraphics\projects\project6\project6\x64\release\recta.obj
c:\users\albam\onedrive - universidad de huelva\2. universidad\4º curso\2. 2º cuatrimestre\realidad virtual\prácticas\practica06\computergraphics\projects\project6\project6\x64\release\pieza_curvastd.obj
c:\users\albam\onedrive - universidad de huelva\2. universidad\4º curso\2. 2º cuatrimestre\realidad virtual\prácticas\practica06\computergraphics\projects\project6\project6\x64\release\curvastd.obj
c:\users\albam\onedrive - universidad de huelva\2. universidad\4º curso\2. 2º cuatrimestre\realidad virtual\prácticas\practica06\computergraphics\projects\project6\project6\x64\release\car_pieces.obj
c:\users\albam\onedrive - universidad de huelva\2. universidad\4º curso\2. 2º cuatrimestre\realidad virtual\prácticas\practica06\computergraphics\projects\project6\project6\x64\release\car.obj
c:\users\albam\onedrive - universidad de huelva\2. universidad\4º curso\2. 2º cuatrimestre\realidad virtual\prácticas\practica06\computergraphics\projects\project6\project6\x64\release\pieza_recta.obj
c:\users\albam\onedrive - universidad de huelva\2. universidad\4º curso\2. 2º cuatrimestre\realidad virtual\prácticas\practica06\computergraphics\projects\project6\project6\x64\release\pieza_curvaint.obj
c:\users\albam\onedrive - universidad de huelva\2. universidad\4º curso\2. 2º cuatrimestre\realidad virtual\prácticas\practica06\computergraphics\projects\project6\project6\x64\release\pieza_curvaext.obj
c:\users\albam\onedrive - universidad de huelva\2. universidad\4º curso\2. 2º cuatrimestre\realidad virtual\prácticas\practica06\computergraphics\projects\project6\project6\x64\release\pieza_ground.obj
c:\users\albam\onedrive - universidad de huelva\2. universidad\4º curso\2. 2º cuatrimestre\realidad virtual\prácticas\practica06\computergraphics\projects\project6\project6\x64\release\skybox.obj
c:\users\albam\onedrive - universidad de huelva\2. universidad\4º curso\2. 2º cuatrimestre\realidad virtual\prácticas\practica06\computergraphics\projects\project6\x64\release\project6.exe
c:\users\albam\onedrive - universidad de huelva\2. universidad\4º curso\2. 2º cuatrimestre\realidad virtual\prácticas\practica06\computergraphics\projects\project6\project6\x64\release\project6.ipdb
c:\users\albam\onedrive - universidad de huelva\2. universidad\4º curso\2. 2º cuatrimestre\realidad virtual\prácticas\practica06\computergraphics\projects\project6\project6\x64\release\project6.iobj
c:\users\albam\onedrive - universidad de huelva\2. universidad\4º curso\2. 2º cuatrimestre\realidad virtual\prácticas\practica06\computergraphics\projects\project6\x64\release\project6.pdb
c:\users\albam\onedrive - universidad de huelva\2. universidad\4º curso\2. 2º cuatrimestre\realidad virtual\prácticas\practica06\computergraphics\projects\project6\project6\x64\release\project6.res
c:\users\albam\onedrive - universidad de huelva\2. universidad\4º curso\2. 2º cuatrimestre\realidad virtual\prácticas\practica06\computergraphics\projects\project6\project6\x64\release\project6.tlog\cl.command.1.tlog
c:\users\albam\onedrive - universidad de huelva\2. universidad\4º curso\2. 2º cuatrimestre\realidad virtual\prácticas\practica06\computergraphics\projects\project6\project6\x64\release\project6.tlog\cl.read.1.tlog
c:\users\albam\onedrive - universidad de huelva\2. universidad\4º curso\2. 2º cuatrimestre\realidad virtual\prácticas\practica06\computergraphics\projects\project6\project6\x64\release\project6.tlog\cl.write.1.tlog
c:\users\albam\onedrive - universidad de huelva\2. universidad\4º curso\2. 2º cuatrimestre\realidad virtual\prácticas\practica06\computergraphics\projects\project6\project6\x64\release\project6.tlog\link.command.1.tlog
c:\users\albam\onedrive - universidad de huelva\2. universidad\4º curso\2. 2º cuatrimestre\realidad virtual\prácticas\practica06\computergraphics\projects\project6\project6\x64\release\project6.tlog\link.read.1.tlog
c:\users\albam\onedrive - universidad de huelva\2. universidad\4º curso\2. 2º cuatrimestre\realidad virtual\prácticas\practica06\computergraphics\projects\project6\project6\x64\release\project6.tlog\link.write.1.tlog
c:\users\albam\onedrive - universidad de huelva\2. universidad\4º curso\2. 2º cuatrimestre\realidad virtual\prácticas\practica06\computergraphics\projects\project6\project6\x64\release\project6.tlog\rc.command.1.tlog
c:\users\albam\onedrive - universidad de huelva\2. universidad\4º curso\2. 2º cuatrimestre\realidad virtual\prácticas\practica06\computergraphics\projects\project6\project6\x64\release\project6.tlog\rc.read.1.tlog
c:\users\albam\onedrive - universidad de huelva\2. universidad\4º curso\2. 2º cuatrimestre\realidad virtual\prácticas\practica06\computergraphics\projects\project6\project6\x64\release\project6.tlog\rc.write.1.tlog
